C:\USERS\USER\DESKTOP\CALCULATINGSTIPEND\DEBUG\CALCULATINGSTIPEND.PCH
C:\USERS\USER\DESKTOP\CALCULATINGSTIPEND\DEBUG\STDAFX.OBJ
C:\USERS\USER\DESKTOP\CALCULATINGSTIPEND\DEBUG\VC110.PDB
C:\USERS\USER\DESKTOP\CALCULATINGSTIPEND\DEBUG\CALCULATINGSTIPEND.OBJ
C:\USERS\ACER\DESKTOP\REPO-T\CALCULATINGSTIPEND\DEBUG\CALCULATINGSTIPEND.PCH
C:\USERS\ACER\DESKTOP\REPO-T\CALCULATINGSTIPEND\DEBUG\STDAFX.OBJ
C:\USERS\ACER\DESKTOP\REPO-T\CALCULATINGSTIPEND\DEBUG\VC110.PDB
C:\USERS\USER\DESKTOP\CALCULATINGSTIPEND\DEBUG\CALCULATINGSTIPEND.ILK
C:\USERS\USER\DESKTOP\CALCULATINGSTIPEND\DEBUG\CALCULATINGSTIPEND.EXE
C:\USERS\USER\DESKTOP\CALCULATINGSTIPEND\DEBUG\CALCULATINGSTIPEND.PDB
C:\Users\Acer\Desktop\repo-t\CalculatingStipend\Debug\stdafx.obj
C:\Users\Acer\Desktop\repo-t\CalculatingStipend\Debug\CalculatingStipend.ilk
C:\Users\Acer\Desktop\repo-t\CalculatingStipend\Debug\cl.command.1.tlog
C:\Users\Acer\Desktop\repo-t\CalculatingStipend\Debug\CL.read.1.tlog
C:\Users\Acer\Desktop\repo-t\CalculatingStipend\Debug\CL.write.1.tlog
C:\Users\Acer\Desktop\repo-t\CalculatingStipend\Debug\link-cvtres.read.1.tlog
C:\Users\Acer\Desktop\repo-t\CalculatingStipend\Debug\link-cvtres.write.1.tlog
C:\Users\Acer\Desktop\repo-t\CalculatingStipend\Debug\link-rc.read.1.tlog
C:\Users\Acer\Desktop\repo-t\CalculatingStipend\Debug\link-rc.write.1.tlog
C:\Users\Acer\Desktop\repo-t\CalculatingStipend\Debug\link.command.1.tlog
C:\Users\Acer\Desktop\repo-t\CalculatingStipend\Debug\link.read.1.tlog
C:\Users\Acer\Desktop\repo-t\CalculatingStipend\Debug\link.write.1.tlog
C:\Users\Acer\Desktop\repo-t\CalculatingStipend\Debug\CalculatingStipend.pch
C:\Users\Acer\Desktop\repo-t\CalculatingStipend\Debug\vc110.idb
C:\Users\Acer\Desktop\repo-t\CalculatingStipend\Debug\CalculatingStipend.pdb
C:\Users\Acer\Desktop\repo-t\CalculatingStipend\Debug\vc110.pdb
C:\Users\Acer\Desktop\repo-t\CalculatingStipend\Debug\CalculatingStipend.exe
